[47797:259:0324/210343.658357:WARNING:chrome_main_delegate.cc(740)] This is Chrome version 123.0.6312.59 (not a warning)
[47797:259:0324/210344.107241:INFO:policy_logger.cc(145)] :components/enterprise/browser/controller/chrome_browser_cloud_management_controller.cc(168) Starting CBCM Controller Initialization
[47797:259:0324/210344.107266:INFO:policy_logger.cc(145)] :components/enterprise/browser/controller/chrome_browser_cloud_management_controller.cc(196) No machine level policy manager exists.
[47816:259:0324/210344.370352:WARNING:runtime_features.cc(728)] AttributionReportingCrossAppWeb cannot be enabled in this configuration. Use --enable-features=ConversionMeasurement,AttributionReportingCrossAppWeb in addition.
[47815:259:0324/210344.370352:WARNING:runtime_features.cc(728)] AttributionReportingCrossAppWeb cannot be enabled in this configuration. Use --enable-features=ConversionMeasurement,AttributionReportingCrossAppWeb in addition.
[47827:259:0324/210344.833384:WARNING:runtime_features.cc(728)] AttributionReportingCrossAppWeb cannot be enabled in this configuration. Use --enable-features=ConversionMeasurement,AttributionReportingCrossAppWeb in addition.
[47828:259:0324/210344.844113:WARNING:runtime_features.cc(728)] AttributionReportingCrossAppWeb cannot be enabled in this configuration. Use --enable-features=ConversionMeasurement,AttributionReportingCrossAppWeb in addition.
[47833:259:0324/210346.761942:WARNING:runtime_features.cc(728)] AttributionReportingCrossAppWeb cannot be enabled in this configuration. Use --enable-features=ConversionMeasurement,AttributionReportingCrossAppWeb in addition.
[47797:259:0324/210346.976683:INFO:CONSOLE(0)] "Third-party cookie will be blocked. Learn more in the Issues tab.", source: https://www.name-ranking.com/ (0)
[47797:259:0324/210346.976733:INFO:CONSOLE(0)] "Third-party cookie will be blocked. Learn more in the Issues tab.", source: https://www.name-ranking.com/ (0)
[47797:259:0324/210346.976758:INFO:CONSOLE(0)] "Third-party cookie will be blocked. Learn more in the Issues tab.", source: https://www.name-ranking.com/ (0)
[47797:259:0324/210347.173395:INFO:CONSOLE(0)] "Third-party cookie will be blocked. Learn more in the Issues tab.", source: https://www.name-ranking.com/ (0)
[47797:259:0324/210347.173427:INFO:CONSOLE(0)] "Third-party cookie will be blocked. Learn more in the Issues tab.", source: https://www.name-ranking.com/ (0)
[47797:259:0324/210347.173440:INFO:CONSOLE(0)] "Third-party cookie will be blocked. Learn more in the Issues tab.", source: https://www.name-ranking.com/ (0)
[47797:259:0324/210347.261552:INFO:CONSOLE(0)] "Third-party cookie will be blocked. Learn more in the Issues tab.", source: https://www.name-ranking.com/ (0)
[47797:259:0324/210347.261685:INFO:CONSOLE(0)] "Third-party cookie will be blocked. Learn more in the Issues tab.", source: https://www.name-ranking.com/ (0)
[47797:259:0324/210347.261731:INFO:CONSOLE(0)] "Third-party cookie will be blocked. Learn more in the Issues tab.", source: https://www.name-ranking.com/ (0)
[47834:259:0324/210347.322269:WARNING:runtime_features.cc(728)] AttributionReportingCrossAppWeb cannot be enabled in this configuration. Use --enable-features=ConversionMeasurement,AttributionReportingCrossAppWeb in addition.
[47835:259:0324/210347.345054:WARNING:runtime_features.cc(728)] AttributionReportingCrossAppWeb cannot be enabled in this configuration. Use --enable-features=ConversionMeasurement,AttributionReportingCrossAppWeb in addition.
[47797:259:0324/210347.365250:INFO:CONSOLE(0)] "Third-party cookie will be blocked. Learn more in the Issues tab.", source: https://www.name-ranking.com/ (0)
[47797:259:0324/210347.365291:INFO:CONSOLE(0)] "Third-party cookie will be blocked. Learn more in the Issues tab.", source: https://www.name-ranking.com/ (0)
[47797:259:0324/210347.365302:INFO:CONSOLE(0)] "Third-party cookie will be blocked. Learn more in the Issues tab.", source: https://www.name-ranking.com/ (0)
[47797:259:0324/210347.396591:INFO:CONSOLE(0)] "Third-party cookie will be blocked. Learn more in the Issues tab.", source: https://www.name-ranking.com/ (0)
[47797:259:0324/210347.396662:INFO:CONSOLE(0)] "Third-party cookie will be blocked. Learn more in the Issues tab.", source: https://www.name-ranking.com/ (0)
[47797:259:0324/210347.396672:INFO:CONSOLE(0)] "Third-party cookie will be blocked. Learn more in the Issues tab.", source: https://www.name-ranking.com/ (0)
[47797:259:0324/210347.419882:INFO:CONSOLE(0)] "Third-party cookie will be blocked. Learn more in the Issues tab.", source: https://www.name-ranking.com/ (0)
[47797:259:0324/210347.419906:INFO:CONSOLE(0)] "Third-party cookie will be blocked. Learn more in the Issues tab.", source: https://www.name-ranking.com/ (0)
[47797:259:0324/210347.437807:INFO:CONSOLE(0)] "Third-party cookie will be blocked. Learn more in the Issues tab.", source: https://www.name-ranking.com/ (0)
[47797:259:0324/210347.437873:INFO:CONSOLE(0)] "Third-party cookie will be blocked. Learn more in the Issues tab.", source: https://www.name-ranking.com/ (0)
[47797:259:0324/210347.487438:INFO:CONSOLE(0)] "Third-party cookie will be blocked. Learn more in the Issues tab.", source: https://www.name-ranking.com/ (0)
[47797:259:0324/210347.487474:INFO:CONSOLE(0)] "Third-party cookie will be blocked. Learn more in the Issues tab.", source: https://www.name-ranking.com/ (0)
[47797:259:0324/210347.487491:INFO:CONSOLE(0)] "Third-party cookie will be blocked. Learn more in the Issues tab.", source: https://www.name-ranking.com/ (0)
[47797:259:0324/210347.487506:INFO:CONSOLE(0)] "Third-party cookie will be blocked. Learn more in the Issues tab.", source: https://www.name-ranking.com/ (0)
[47797:259:0324/210347.487515:INFO:CONSOLE(0)] "Third-party cookie will be blocked. Learn more in the Issues tab.", source: https://www.name-ranking.com/ (0)
[47797:259:0324/210347.487524:INFO:CONSOLE(0)] "Third-party cookie will be blocked. Learn more in the Issues tab.", source: https://www.name-ranking.com/ (0)
[47797:259:0324/210347.495163:INFO:CONSOLE(0)] "Third-party cookie will be blocked. Learn more in the Issues tab.", source: https://www.name-ranking.com/ (0)
[47797:259:0324/210347.495190:INFO:CONSOLE(0)] "Third-party cookie will be blocked. Learn more in the Issues tab.", source: https://www.name-ranking.com/ (0)
[47797:259:0324/210347.495200:INFO:CONSOLE(0)] "Third-party cookie will be blocked. Learn more in the Issues tab.", source: https://www.name-ranking.com/ (0)
[47797:259:0324/210347.637721:INFO:CONSOLE(0)] "Third-party cookie will be blocked. Learn more in the Issues tab.", source: https://www.name-ranking.com/ (0)
[47797:259:0324/210347.637749:INFO:CONSOLE(0)] "Third-party cookie will be blocked. Learn more in the Issues tab.", source: https://www.name-ranking.com/ (0)
[47797:259:0324/210347.637761:INFO:CONSOLE(0)] "Third-party cookie will be blocked. Learn more in the Issues tab.", source: https://www.name-ranking.com/ (0)
[47797:259:0324/210347.700855:INFO:CONSOLE(0)] "Third-party cookie will be blocked. Learn more in the Issues tab.", source: https://www.name-ranking.com/ (0)
[47797:259:0324/210347.700879:INFO:CONSOLE(0)] "Third-party cookie will be blocked. Learn more in the Issues tab.", source: https://www.name-ranking.com/ (0)
[47797:259:0324/210347.700887:INFO:CONSOLE(0)] "Third-party cookie will be blocked. Learn more in the Issues tab.", source: https://www.name-ranking.com/ (0)
[47797:259:0324/210347.700897:INFO:CONSOLE(0)] "Third-party cookie will be blocked. Learn more in the Issues tab.", source: https://www.name-ranking.com/ (0)
[47797:259:0324/210347.700904:INFO:CONSOLE(0)] "Third-party cookie will be blocked. Learn more in the Issues tab.", source: https://www.name-ranking.com/ (0)
[47797:259:0324/210347.700912:INFO:CONSOLE(0)] "Third-party cookie will be blocked. Learn more in the Issues tab.", source: https://www.name-ranking.com/ (0)
[47797:259:0324/210347.705426:INFO:CONSOLE(0)] "Third-party cookie will be blocked. Learn more in the Issues tab.", source: https://www.name-ranking.com/ (0)
[47797:259:0324/210347.705461:INFO:CONSOLE(0)] "Third-party cookie will be blocked. Learn more in the Issues tab.", source: https://www.name-ranking.com/ (0)
[47797:259:0324/210347.705481:INFO:CONSOLE(0)] "Third-party cookie will be blocked. Learn more in the Issues tab.", source: https://www.name-ranking.com/ (0)
[47797:259:0324/210347.705490:INFO:CONSOLE(0)] "Third-party cookie will be blocked. Learn more in the Issues tab.", source: https://www.name-ranking.com/ (0)
[47797:259:0324/210347.705503:INFO:CONSOLE(0)] "Third-party cookie will be blocked. Learn more in the Issues tab.", source: https://www.name-ranking.com/ (0)
[47797:259:0324/210347.705521:INFO:CONSOLE(0)] "Third-party cookie will be blocked. Learn more in the Issues tab.", source: https://www.name-ranking.com/ (0)
[47797:259:0324/210347.784904:INFO:CONSOLE(0)] "Third-party cookie will be blocked. Learn more in the Issues tab.", source: https://www.name-ranking.com/ (0)
[47797:259:0324/210347.784935:INFO:CONSOLE(0)] "Third-party cookie will be blocked. Learn more in the Issues tab.", source: https://www.name-ranking.com/ (0)
[47797:259:0324/210347.784948:INFO:CONSOLE(0)] "Third-party cookie will be blocked. Learn more in the Issues tab.", source: https://www.name-ranking.com/ (0)
[47797:259:0324/210347.788294:INFO:CONSOLE(0)] "Third-party cookie will be blocked. Learn more in the Issues tab.", source: https://www.name-ranking.com/ (0)
[47797:259:0324/210347.788354:INFO:CONSOLE(0)] "Third-party cookie will be blocked. Learn more in the Issues tab.", source: https://www.name-ranking.com/ (0)
[47797:259:0324/210347.788384:INFO:CONSOLE(0)] "Third-party cookie will be blocked. Learn more in the Issues tab.", source: https://www.name-ranking.com/ (0)
[47797:259:0324/210347.822600:INFO:CONSOLE(0)] "Third-party cookie will be blocked. Learn more in the Issues tab.", source: https://www.name-ranking.com/ (0)
[47797:259:0324/210347.822682:INFO:CONSOLE(0)] "Third-party cookie will be blocked. Learn more in the Issues tab.", source: https://www.name-ranking.com/ (0)
[47797:259:0324/210347.846666:INFO:CONSOLE(0)] "Third-party cookie will be blocked. Learn more in the Issues tab.", source: https://www.name-ranking.com/ (0)
[47797:259:0324/210347.846701:INFO:CONSOLE(0)] "Third-party cookie will be blocked. Learn more in the Issues tab.", source: https://www.name-ranking.com/ (0)
[47797:259:0324/210347.846716:INFO:CONSOLE(0)] "Third-party cookie will be blocked. Learn more in the Issues tab.", source: https://www.name-ranking.com/ (0)
[47797:259:0324/210347.854000:INFO:CONSOLE(0)] "Third-party cookie will be blocked. Learn more in the Issues tab.", source: https://www.name-ranking.com/ (0)
[47797:259:0324/210347.854149:INFO:CONSOLE(0)] "Third-party cookie will be blocked. Learn more in the Issues tab.", source: https://www.name-ranking.com/ (0)
[47797:259:0324/210347.854264:INFO:CONSOLE(0)] "Third-party cookie will be blocked. Learn more in the Issues tab.", source: https://www.name-ranking.com/ (0)
[47797:259:0324/210347.854305:INFO:CONSOLE(0)] "Third-party cookie will be blocked. Learn more in the Issues tab.", source: https://www.name-ranking.com/ (0)
[47841:259:0324/210347.949079:WARNING:runtime_features.cc(728)] AttributionReportingCrossAppWeb cannot be enabled in this configuration. Use --enable-features=ConversionMeasurement,AttributionReportingCrossAppWeb in addition.
[47797:259:0324/210348.230470:INFO:CONSOLE(0)] "Third-party cookie will be blocked. Learn more in the Issues tab.", source: https://www.name-ranking.com/ (0)
[47797:259:0324/210348.230513:INFO:CONSOLE(0)] "Third-party cookie will be blocked. Learn more in the Issues tab.", source: https://www.name-ranking.com/ (0)
[47797:259:0324/210348.230524:INFO:CONSOLE(0)] "Third-party cookie will be blocked. Learn more in the Issues tab.", source: https://www.name-ranking.com/ (0)
[47797:259:0324/210348.230532:INFO:CONSOLE(0)] "Third-party cookie will be blocked. Learn more in the Issues tab.", source: https://www.name-ranking.com/ (0)
[47797:259:0324/210348.230546:INFO:CONSOLE(0)] "Third-party cookie will be blocked. Learn more in the Issues tab.", source: https://www.name-ranking.com/ (0)
[47797:259:0324/210348.230554:INFO:CONSOLE(0)] "Third-party cookie will be blocked. Learn more in the Issues tab.", source: https://www.name-ranking.com/ (0)
[47797:259:0324/210348.231520:INFO:CONSOLE(0)] "Third-party cookie will be blocked. Learn more in the Issues tab.", source: https://www.name-ranking.com/ (0)
[47797:259:0324/210348.231596:INFO:CONSOLE(0)] "Third-party cookie will be blocked. Learn more in the Issues tab.", source: https://www.name-ranking.com/ (0)
[47797:259:0324/210348.319680:INFO:CONSOLE(0)] "Third-party cookie will be blocked. Learn more in the Issues tab.", source: https://www.name-ranking.com/ (0)
[47797:259:0324/210348.319707:INFO:CONSOLE(0)] "Third-party cookie will be blocked. Learn more in the Issues tab.", source: https://www.name-ranking.com/ (0)
[47797:259:0324/210348.319731:INFO:CONSOLE(0)] "Third-party cookie will be blocked. Learn more in the Issues tab.", source: https://www.name-ranking.com/ (0)
[47797:259:0324/210352.292883:INFO:CONSOLE(0)] "Third-party cookie will be blocked. Learn more in the Issues tab.", source: https://www.name-ranking.com/ (0)
[47797:259:0324/210352.292958:INFO:CONSOLE(0)] "Third-party cookie will be blocked. Learn more in the Issues tab.", source: https://www.name-ranking.com/ (0)
[47797:259:0324/210352.292977:INFO:CONSOLE(0)] "Third-party cookie will be blocked. Learn more in the Issues tab.", source: https://www.name-ranking.com/ (0)
[47797:259:0324/210352.295600:INFO:CONSOLE(0)] "Third-party cookie will be blocked. Learn more in the Issues tab.", source: https://www.name-ranking.com/ (0)
[47797:259:0324/210352.295655:INFO:CONSOLE(0)] "Third-party cookie will be blocked. Learn more in the Issues tab.", source: https://www.name-ranking.com/ (0)
[47797:259:0324/210352.295672:INFO:CONSOLE(0)] "Third-party cookie will be blocked. Learn more in the Issues tab.", source: https://www.name-ranking.com/ (0)
[47797:259:0324/210352.303146:INFO:CONSOLE(0)] "Third-party cookie will be blocked. Learn more in the Issues tab.", source: https://www.name-ranking.com/ (0)
[47797:259:0324/210352.303172:INFO:CONSOLE(0)] "Third-party cookie will be blocked. Learn more in the Issues tab.", source: https://www.name-ranking.com/ (0)
[47797:259:0324/210352.303211:INFO:CONSOLE(0)] "Third-party cookie will be blocked. Learn more in the Issues tab.", source: https://www.name-ranking.com/ (0)
[47797:259:0324/210354.915689:INFO:CONSOLE(1)] "Uncaught ReferenceError: searchAction is not defined", source: https://www.name-ranking.com/ (1)
[47797:259:0324/210355.370993:INFO:CONSOLE(0)] "Third-party cookie will be blocked. Learn more in the Issues tab.", source: https://www.name-ranking.com/search?keyword=%EC%83%81%EC%9A%B0 (0)
[47797:259:0324/210355.371071:INFO:CONSOLE(0)] "Third-party cookie will be blocked. Learn more in the Issues tab.", source: https://www.name-ranking.com/search?keyword=%EC%83%81%EC%9A%B0 (0)
[47797:259:0324/210355.371095:INFO:CONSOLE(0)] "Third-party cookie will be blocked. Learn more in the Issues tab.", source: https://www.name-ranking.com/search?keyword=%EC%83%81%EC%9A%B0 (0)
[47797:259:0324/210359.352295:INFO:CONSOLE(17)] "stats app", source: https://www.name-ranking.com/static/js/page/detail.js?ver=1593701582 (17)
[47797:259:0324/210359.381618:INFO:CONSOLE(0)] "Third-party cookie will be blocked. Learn more in the Issues tab.", source: https://www.name-ranking.com/name/%EC%83%81%EC%9A%B0 (0)
[47797:259:0324/210359.381643:INFO:CONSOLE(0)] "Third-party cookie will be blocked. Learn more in the Issues tab.", source: https://www.name-ranking.com/name/%EC%83%81%EC%9A%B0 (0)
[47797:259:0324/210359.381666:INFO:CONSOLE(0)] "Third-party cookie will be blocked. Learn more in the Issues tab.", source: https://www.name-ranking.com/name/%EC%83%81%EC%9A%B0 (0)
[47862:259:0324/210359.709670:WARNING:runtime_features.cc(728)] AttributionReportingCrossAppWeb cannot be enabled in this configuration. Use --enable-features=ConversionMeasurement,AttributionReportingCrossAppWeb in addition.
[47797:259:0324/210359.891445:INFO:CONSOLE(0)] "Third-party cookie will be blocked. Learn more in the Issues tab.", source: https://www.name-ranking.com/name/%EC%83%81%EC%9A%B0 (0)
[47797:259:0324/210359.891503:INFO:CONSOLE(0)] "Third-party cookie will be blocked. Learn more in the Issues tab.", source: https://www.name-ranking.com/name/%EC%83%81%EC%9A%B0 (0)
[47797:259:0324/210359.891513:INFO:CONSOLE(0)] "Third-party cookie will be blocked. Learn more in the Issues tab.", source: https://www.name-ranking.com/name/%EC%83%81%EC%9A%B0 (0)
[47797:259:0324/210359.892293:INFO:CONSOLE(0)] "Third-party cookie will be blocked. Learn more in the Issues tab.", source: https://www.name-ranking.com/name/%EC%83%81%EC%9A%B0 (0)
[47797:259:0324/210359.892319:INFO:CONSOLE(0)] "Third-party cookie will be blocked. Learn more in the Issues tab.", source: https://www.name-ranking.com/name/%EC%83%81%EC%9A%B0 (0)
[47797:259:0324/210359.892328:INFO:CONSOLE(0)] "Third-party cookie will be blocked. Learn more in the Issues tab.", source: https://www.name-ranking.com/name/%EC%83%81%EC%9A%B0 (0)
[47797:259:0324/210359.892461:INFO:CONSOLE(0)] "Third-party cookie will be blocked. Learn more in the Issues tab.", source: https://www.name-ranking.com/name/%EC%83%81%EC%9A%B0 (0)
[47797:259:0324/210359.892511:INFO:CONSOLE(0)] "Third-party cookie will be blocked. Learn more in the Issues tab.", source: https://www.name-ranking.com/name/%EC%83%81%EC%9A%B0 (0)
[47797:259:0324/210359.892523:INFO:CONSOLE(0)] "Third-party cookie will be blocked. Learn more in the Issues tab.", source: https://www.name-ranking.com/name/%EC%83%81%EC%9A%B0 (0)
[47797:259:0324/210359.893084:INFO:CONSOLE(0)] "Third-party cookie will be blocked. Learn more in the Issues tab.", source: https://www.name-ranking.com/name/%EC%83%81%EC%9A%B0 (0)
[47797:259:0324/210359.893160:INFO:CONSOLE(0)] "Third-party cookie will be blocked. Learn more in the Issues tab.", source: https://www.name-ranking.com/name/%EC%83%81%EC%9A%B0 (0)
[47797:259:0324/210359.893195:INFO:CONSOLE(0)] "Third-party cookie will be blocked. Learn more in the Issues tab.", source: https://www.name-ranking.com/name/%EC%83%81%EC%9A%B0 (0)
[47797:259:0324/210359.893893:INFO:CONSOLE(0)] "Third-party cookie will be blocked. Learn more in the Issues tab.", source: https://www.name-ranking.com/name/%EC%83%81%EC%9A%B0 (0)
[47797:259:0324/210359.893924:INFO:CONSOLE(0)] "Third-party cookie will be blocked. Learn more in the Issues tab.", source: https://www.name-ranking.com/name/%EC%83%81%EC%9A%B0 (0)
[47797:259:0324/210359.893934:INFO:CONSOLE(0)] "Third-party cookie will be blocked. Learn more in the Issues tab.", source: https://www.name-ranking.com/name/%EC%83%81%EC%9A%B0 (0)
[47797:259:0324/210359.893944:INFO:CONSOLE(0)] "Third-party cookie will be blocked. Learn more in the Issues tab.", source: https://www.name-ranking.com/name/%EC%83%81%EC%9A%B0 (0)
[47797:259:0324/210359.893952:INFO:CONSOLE(0)] "Third-party cookie will be blocked. Learn more in the Issues tab.", source: https://www.name-ranking.com/name/%EC%83%81%EC%9A%B0 (0)
[47797:259:0324/210359.893964:INFO:CONSOLE(0)] "Third-party cookie will be blocked. Learn more in the Issues tab.", source: https://www.name-ranking.com/name/%EC%83%81%EC%9A%B0 (0)
[47797:259:0324/210359.893975:INFO:CONSOLE(0)] "Third-party cookie will be blocked. Learn more in the Issues tab.", source: https://www.name-ranking.com/name/%EC%83%81%EC%9A%B0 (0)
[47797:259:0324/210359.893983:INFO:CONSOLE(0)] "Third-party cookie will be blocked. Learn more in the Issues tab.", source: https://www.name-ranking.com/name/%EC%83%81%EC%9A%B0 (0)
[47797:259:0324/210359.894109:INFO:CONSOLE(0)] "Third-party cookie will be blocked. Learn more in the Issues tab.", source: https://www.name-ranking.com/name/%EC%83%81%EC%9A%B0 (0)
[47797:259:0324/210359.894121:INFO:CONSOLE(0)] "Third-party cookie will be blocked. Learn more in the Issues tab.", source: https://www.name-ranking.com/name/%EC%83%81%EC%9A%B0 (0)
[47797:259:0324/210359.894130:INFO:CONSOLE(0)] "Third-party cookie will be blocked. Learn more in the Issues tab.", source: https://www.name-ranking.com/name/%EC%83%81%EC%9A%B0 (0)
[47797:259:0324/210359.921573:INFO:CONSOLE(0)] "Third-party cookie will be blocked. Learn more in the Issues tab.", source: https://www.name-ranking.com/name/%EC%83%81%EC%9A%B0 (0)
[47797:259:0324/210359.921637:INFO:CONSOLE(0)] "Third-party cookie will be blocked. Learn more in the Issues tab.", source: https://www.name-ranking.com/name/%EC%83%81%EC%9A%B0 (0)
[47797:259:0324/210359.954841:INFO:CONSOLE(0)] "Third-party cookie will be blocked. Learn more in the Issues tab.", source: https://www.name-ranking.com/name/%EC%83%81%EC%9A%B0 (0)
[47797:259:0324/210359.954869:INFO:CONSOLE(0)] "Third-party cookie will be blocked. Learn more in the Issues tab.", source: https://www.name-ranking.com/name/%EC%83%81%EC%9A%B0 (0)
[47797:259:0324/210359.954879:INFO:CONSOLE(0)] "Third-party cookie will be blocked. Learn more in the Issues tab.", source: https://www.name-ranking.com/name/%EC%83%81%EC%9A%B0 (0)
[47797:259:0324/210359.954887:INFO:CONSOLE(0)] "Third-party cookie will be blocked. Learn more in the Issues tab.", source: https://www.name-ranking.com/name/%EC%83%81%EC%9A%B0 (0)
[47797:259:0324/210359.954894:INFO:CONSOLE(0)] "Third-party cookie will be blocked. Learn more in the Issues tab.", source: https://www.name-ranking.com/name/%EC%83%81%EC%9A%B0 (0)
[47797:259:0324/210359.954902:INFO:CONSOLE(0)] "Third-party cookie will be blocked. Learn more in the Issues tab.", source: https://www.name-ranking.com/name/%EC%83%81%EC%9A%B0 (0)
[47797:259:0324/210359.971379:INFO:CONSOLE(0)] "Third-party cookie will be blocked. Learn more in the Issues tab.", source: https://www.name-ranking.com/name/%EC%83%81%EC%9A%B0 (0)
[47797:259:0324/210359.971463:INFO:CONSOLE(0)] "Third-party cookie will be blocked. Learn more in the Issues tab.", source: https://www.name-ranking.com/name/%EC%83%81%EC%9A%B0 (0)
[47797:259:0324/210359.971491:INFO:CONSOLE(0)] "Third-party cookie will be blocked. Learn more in the Issues tab.", source: https://www.name-ranking.com/name/%EC%83%81%EC%9A%B0 (0)
[47797:259:0324/210359.978410:INFO:CONSOLE(0)] "Third-party cookie will be blocked. Learn more in the Issues tab.", source: https://www.name-ranking.com/name/%EC%83%81%EC%9A%B0 (0)
[47797:259:0324/210359.978459:INFO:CONSOLE(0)] "Third-party cookie will be blocked. Learn more in the Issues tab.", source: https://www.name-ranking.com/name/%EC%83%81%EC%9A%B0 (0)
[47797:259:0324/210400.015446:INFO:CONSOLE(0)] "Third-party cookie will be blocked. Learn more in the Issues tab.", source: https://www.name-ranking.com/name/%EC%83%81%EC%9A%B0 (0)
[47797:259:0324/210400.015489:INFO:CONSOLE(0)] "Third-party cookie will be blocked. Learn more in the Issues tab.", source: https://www.name-ranking.com/name/%EC%83%81%EC%9A%B0 (0)
[47797:259:0324/210400.015510:INFO:CONSOLE(0)] "Third-party cookie will be blocked. Learn more in the Issues tab.", source: https://www.name-ranking.com/name/%EC%83%81%EC%9A%B0 (0)
[47797:259:0324/210400.025749:INFO:CONSOLE(0)] "Third-party cookie will be blocked. Learn more in the Issues tab.", source: https://www.name-ranking.com/name/%EC%83%81%EC%9A%B0 (0)
[47797:259:0324/210400.025771:INFO:CONSOLE(0)] "Third-party cookie will be blocked. Learn more in the Issues tab.", source: https://www.name-ranking.com/name/%EC%83%81%EC%9A%B0 (0)
[47797:259:0324/210400.075214:INFO:CONSOLE(0)] "Third-party cookie will be blocked. Learn more in the Issues tab.", source: https://www.name-ranking.com/name/%EC%83%81%EC%9A%B0 (0)
[47797:259:0324/210400.075255:INFO:CONSOLE(0)] "Third-party cookie will be blocked. Learn more in the Issues tab.", source: https://www.name-ranking.com/name/%EC%83%81%EC%9A%B0 (0)
[47797:259:0324/210400.075284:INFO:CONSOLE(0)] "Third-party cookie will be blocked. Learn more in the Issues tab.", source: https://www.name-ranking.com/name/%EC%83%81%EC%9A%B0 (0)
[47797:259:0324/210400.075304:INFO:CONSOLE(0)] "Third-party cookie will be blocked. Learn more in the Issues tab.", source: https://www.name-ranking.com/name/%EC%83%81%EC%9A%B0 (0)
[47797:259:0324/210400.075375:INFO:CONSOLE(0)] "Third-party cookie will be blocked. Learn more in the Issues tab.", source: https://www.name-ranking.com/name/%EC%83%81%EC%9A%B0 (0)
[47797:259:0324/210400.075403:INFO:CONSOLE(0)] "Third-party cookie will be blocked. Learn more in the Issues tab.", source: https://www.name-ranking.com/name/%EC%83%81%EC%9A%B0 (0)
[47797:259:0324/210400.075413:INFO:CONSOLE(0)] "Third-party cookie will be blocked. Learn more in the Issues tab.", source: https://www.name-ranking.com/name/%EC%83%81%EC%9A%B0 (0)
[47797:259:0324/210400.075421:INFO:CONSOLE(0)] "Third-party cookie will be blocked. Learn more in the Issues tab.", source: https://www.name-ranking.com/name/%EC%83%81%EC%9A%B0 (0)
[47797:259:0324/210400.075429:INFO:CONSOLE(0)] "Third-party cookie will be blocked. Learn more in the Issues tab.", source: https://www.name-ranking.com/name/%EC%83%81%EC%9A%B0 (0)
[47797:259:0324/210400.084694:INFO:CONSOLE(0)] "Third-party cookie will be blocked. Learn more in the Issues tab.", source: https://www.name-ranking.com/name/%EC%83%81%EC%9A%B0 (0)
[47797:259:0324/210400.084725:INFO:CONSOLE(0)] "Third-party cookie will be blocked. Learn more in the Issues tab.", source: https://www.name-ranking.com/name/%EC%83%81%EC%9A%B0 (0)
[47797:259:0324/210400.084735:INFO:CONSOLE(0)] "Third-party cookie will be blocked. Learn more in the Issues tab.", source: https://www.name-ranking.com/name/%EC%83%81%EC%9A%B0 (0)
[47797:259:0324/210400.084743:INFO:CONSOLE(0)] "Third-party cookie will be blocked. Learn more in the Issues tab.", source: https://www.name-ranking.com/name/%EC%83%81%EC%9A%B0 (0)
[47797:259:0324/210400.084751:INFO:CONSOLE(0)] "Third-party cookie will be blocked. Learn more in the Issues tab.", source: https://www.name-ranking.com/name/%EC%83%81%EC%9A%B0 (0)
[47797:259:0324/210400.084787:INFO:CONSOLE(0)] "Third-party cookie will be blocked. Learn more in the Issues tab.", source: https://www.name-ranking.com/name/%EC%83%81%EC%9A%B0 (0)
[47805:11779:0324/210400.251887:WARNING:sqlite_persistent_store_backend_base.cc(197)] Failed to post task from FlushAndNotifyInBackground@net/extras/sqlite/sqlite_persistent_store_backend_base.cc:246 to client_task_runner_.
[47805:11779:0324/210400.252050:WARNING:sqlite_persistent_store_backend_base.cc(197)] Failed to post task from FlushAndNotifyInBackground@net/extras/sqlite/sqlite_persistent_store_backend_base.cc:246 to client_task_runner_.
[47797:259:0324/210400.303384:WARNING:pref_notifier_impl.cc(41)] Pref observer for media_router.cast_allow_all_ips found at shutdown.
